<?xml version="1.0" encoding="UTF-8"?>
<testng-results skipped="0" failed="0" total="1" passed="1">
  <reporter-output>
  </reporter-output>
  <suite name="Default suite" duration-ms="223368" started-at="2020-12-08T08:12:19Z" finished-at="2020-12-08T08:16:02Z">
    <groups>
      <group name="cucumber">
        <method signature="AbstractTestNGCucumberTests.feature(cucumber.api.testng.CucumberFeatureWrapper)[pri:0, instance:runner.TestRunner@3b81a1bc]" name="feature" class="cucumber.api.testng.AbstractTestNGCucumberTests"/>
      </group> <!-- cucumber -->
    </groups>
    <test name="Default test" duration-ms="223368" started-at="2020-12-08T08:12:19Z" finished-at="2020-12-08T08:16:02Z">
      <class name="runner.TestRunner">
        <test-method status="PASS" signature="setUpClass()[pri:0, instance:runner.TestRunner@3b81a1bc]" name="setUpClass" is-config="true" duration-ms="309" started-at="2020-12-08T13:42:19Z" finished-at="2020-12-08T13:42:19Z">
          <reporter-output>
          </reporter-output>
        </test-method> <!-- setUpClass -->
        <test-method status="PASS" signature="feature(cucumber.api.testng.CucumberFeatureWrapper)[pri:0, instance:runner.TestRunner@3b81a1bc]" name="feature" duration-ms="222891" started-at="2020-12-08T13:42:19Z" description="Runs Cucumber Feature" data-provider="features" finished-at="2020-12-08T13:46:02Z">
          <params>
            <param index="0">
              <value>
                <![CDATA[FreeCRM Website]]>
              </value>
            </param>
          </params>
          <reporter-output>
          </reporter-output>
        </test-method> <!-- feature -->
        <test-method status="PASS" signature="tearDownClass()[pri:0, instance:runner.TestRunner@3b81a1bc]" name="tearDownClass" is-config="true" duration-ms="66" started-at="2020-12-08T13:46:02Z" finished-at="2020-12-08T13:46:02Z">
          <reporter-output>
          </reporter-output>
        </test-method> <!-- tearDownClass -->
      </class> <!-- runner.TestRunner -->
    </test> <!-- Default test -->
  </suite> <!-- Default suite -->
</testng-results>
